Arguments: 
  D:\nodeJS\node.exe C:\Users\vpala\AppData\Roaming\npm\node_modules\yarn\bin\yarn.js add git://github.com/mishoo/UglifyJS2#harmony --dev

PATH: 
  C:\Users\vpala\bin;C:\Program Files\Git\mingw64\bin;C:\Program Files\Git\usr\local\bin;C:\Program Files\Git\usr\bin;C:\Program Files\Git\usr\bin;C:\Program Files\Git\mingw64\bin;C:\Program Files\Git\usr\bin;C:\Users\vpala\bin;C:\Python311\Scripts;C:\Python311;C:\Program Files\Python310\Scripts;C:\Program Files\Python310;C:\Program Files\Common Files\Oracle\Java\javapath;C:\Program Files (x86)\Common Files\Oracle\Java\javapath;C:\Oracle11\app\oracle\product\11.2.0\server\bin;C:\Program Files (x86)\NVIDIA Corporation\PhysX\Common;C:\Windows\system32;C:\Windows;C:\Windows\System32\Wbem;C:\Windows\System32\WindowsPowerShell\v1.0;C:\Windows\System32\OpenSSH;C:\Users\vpala\AppData\Local\Android\Sdk\emulator;C:\Users\vpala\AppData\Local\Android\Sdk\platform-tools;C:\Users\vpala\AppData\Local\Android\Sdk\tools;C:\Users\vpala\AppData\Local\Android\Sdk\tools\bin;C:\Program Files\dotnet;C:\Program Files\Git\cmd;C:\Program Files\Git\mingw64\bin;C:\Program Files\Git\usr\bin;C:\Program Files\Docker\Docker\resources\bin;C:\ProgramData\DockerDesktop\version-bin;C:\ProgramData\chocolatey\bin;D:\nodeJS;C:\Users\vpala\AppData\Local\Microsoft\WindowsApps;C:\Users\vpala\AppData\Local\GitHubDesktop\bin;C:\Users\vpala\AppData\Roaming\npm;C:\Program Files\Git\usr\bin\vendor_perl;C:\Program Files\Git\usr\bin\core_perl

Yarn version: 
  1.22.19

Node version: 
  18.13.0

Platform: 
  win32 x64

Trace: 
  Error: https://npm.fontawesome.com/@fortawesome%2ffontawesome-free: authentication required
      at params.callback [as _callback] (C:\Users\vpala\AppData\Roaming\npm\node_modules\yarn\lib\cli.js:66145:18)
      at self.callback (C:\Users\vpala\AppData\Roaming\npm\node_modules\yarn\lib\cli.js:140890:22)
      at Request.emit (node:events:513:28)
      at Request.<anonymous> (C:\Users\vpala\AppData\Roaming\npm\node_modules\yarn\lib\cli.js:141862:10)
      at Request.emit (node:events:513:28)
      at IncomingMessage.<anonymous> (C:\Users\vpala\AppData\Roaming\npm\node_modules\yarn\lib\cli.js:141784:12)
      at Object.onceWrapper (node:events:627:28)
      at IncomingMessage.emit (node:events:525:35)
      at endReadableNT (node:internal/streams/readable:1359:12)
      at process.processTicksAndRejections (node:internal/process/task_queues:82:21)

npm manifest: 
  {
    "name": "ParliamoItalianoAdAustinV2",
    "version": "1.0.0",
    "description": "This website is for Italian speaking community of Austin",
    "main": "index.html",
    "repository": {
      "type": "git",
      "url": "https://github.com/VittorioAltagracia/SpeakItalianInAustinV2"
    },
    "scripts": {
      "lite": "lite-server",
      "start": "npm run watch:all",
      "test": "echo \"Error: no test specified\" && exit 1",
      "watch:all": "parallelshell \"npm run lite\"",
      "copyfonts": "copyfiles -f node_modules/font-awesome/fonts/* dist/fonts",
      "imagemin": "imagemin imgs/* -o dist/imgs",
      "usemin": "usemin do.html -d dist --htmlmin -o dist/do.html && usemin photos.html -d dist --htmlmin -o dist/photos.html && usemin index.html -d dist --htmlmin -o dist/index.html",
      "clean": "rimraf dist",
      "build": "npm run clean && npm run imagemin && npm run copyfonts && npm run usemin"
    },
    "author": "Viktor P",
    "license": "ISC",
    "devDependencies": {
      "copyfiles": "^2.2.0",
      "imagemin-cli": "^5.1.0",
      "lite-server": "^2.6.1",
      "onchange": "^7.0.0",
      "parallelshell": "3.0.1",
      "rimraf": "^3.0.2",
      "terser-webpack-plugin": "^5.3.7",
      "usemin-cli": "^0.6.0"
    },
    "dependencies": {
      "@fortawesome/fontawesome-free": "^6.3.0",
      "bootstrap": "^4.5.2",
      "bootstrap-social": "^5.1.1",
      "font-awesome": "^4.7.0",
      "jquery": "^3.5.1",
      "popper.js": "^1.16.1",
      "uglify-js": "github:mishoo/UglifyJS2#harmony"
    }
  }

yarn manifest: 
  No manifest

Lockfile: 
  No lockfile
